<?xml version="1.0" encoding="UTF-8"?>
<!-- Generated by org.testng.reporters.JUnitReportReporter -->
<testsuite hostname="Rabbit" failures="0" tests="2" name="com.webtestclasses.TCFacebookPost" time="15.336" errors="0" timestamp="04 Oct 2018 10:05:13 GMT" skipped="0">
  <testcase classname="com.webtestclasses.TCFacebookPost" name="loginTest" time="6.778"/>
  <testcase classname="com.webtestclasses.TCFacebookPost" name="postTest" time="8.558"/>
</testsuite> <!-- com.webtestclasses.TCFacebookPost -->
