<?xml version="1.0" encoding="UTF-8"?>
<!-- Generated by org.testng.reporters.JUnitReportReporter -->
<testsuite skipped="0" hostname="SomaSekhar-PC" name="com.webtestclasses.TCWalletHubLogin" tests="4" failures="0" timestamp="05 Jul 2018 05:38:24 GMT" time="30.256" errors="0">
  <testcase name="loginTest" time="10.305" classname="com.webtestclasses.TCWalletHubLogin"/>
  <testcase name="reviewTest" time="4.955" classname="com.webtestclasses.TCWalletHubLogin"/>
  <testcase name="reviewRatingTest" time="7.438" classname="com.webtestclasses.TCWalletHubLogin"/>
  <testcase name="verifyReviewTest" time="7.558" classname="com.webtestclasses.TCWalletHubLogin"/>
</testsuite> <!-- com.webtestclasses.TCWalletHubLogin -->
